[15:14:15] [ServerMain/ERROR]: Failed to load properties from file: server.properties
java.nio.file.NoSuchFileException: server.properties
	at java.base/sun.nio.fs.WindowsException.translateToIOException(WindowsException.java:85) ~[?:?]
	at java.base/sun.nio.fs.WindowsException.rethrowAsIOException(WindowsException.java:103) ~[?:?]
	at java.base/sun.nio.fs.WindowsException.rethrowAsIOException(WindowsException.java:108) ~[?:?]
	at java.base/sun.nio.fs.WindowsFileSystemProvider.newByteChannel(WindowsFileSystemProvider.java:234) ~[?:?]
	at java.base/java.nio.file.Files.newByteChannel(Files.java:380) ~[?:?]
	at java.base/java.nio.file.Files.newByteChannel(Files.java:432) ~[?:?]
	at java.base/java.nio.file.spi.FileSystemProvider.newInputStream(FileSystemProvider.java:420) ~[?:?]
	at java.base/java.nio.file.Files.newInputStream(Files.java:160) ~[?:?]
	at apr.b(SourceFile:62) ~[server-1.21.1.jar:?]
	at apo.a(SourceFile:141) ~[server-1.21.1.jar:?]
	at app.<init>(SourceFile:12) ~[server-1.21.1.jar:?]
	at net.minecraft.server.Main.main(SourceFile:114) ~[server-1.21.1.jar:?]
	at net.minecraft.bundler.Main.lambda$run$0(Main.java:54) ~[?:?]
	at java.base/java.lang.Thread.run(Thread.java:1575) [?:?]
[15:14:15] [ServerMain/INFO]: Environment: Environment[sessionHost=https://sessionserver.mojang.com, servicesHost=https://api.minecraftservices.com, name=PROD]
[15:14:16] [ServerMain/INFO]: No existing world data, creating new world
[15:14:17] [ServerMain/INFO]: Loaded 1290 recipes
[15:14:17] [ServerMain/INFO]: Loaded 1399 advancements
[15:14:18] [Server thread/INFO]: Starting minecraft server version 1.21.1
[15:14:18] [Server thread/INFO]: Loading properties
[15:14:18] [Server thread/INFO]: Default game type: SURVIVAL
[15:14:18] [Server thread/INFO]: Generating keypair
[15:14:18] [Server thread/INFO]: Starting Minecraft server on *:25565
[15:14:18] [Server thread/INFO]: Using default channel type
[15:14:18] [Server thread/INFO]: Preparing level "world"
[15:14:22] [Server thread/INFO]: Preparing start region for dimension minecraft:overworld
[15:14:22] [Worker-Main-9/INFO]: Preparing spawn area: 2%
[15:14:22] [Worker-Main-8/INFO]: Preparing spawn area: 2%
[15:14:23] [Worker-Main-8/INFO]: Preparing spawn area: 18%
[15:14:23] [Worker-Main-8/INFO]: Preparing spawn area: 18%
[15:14:24] [Worker-Main-3/INFO]: Preparing spawn area: 51%
[15:14:24] [Server thread/INFO]: Time elapsed: 2396 ms
[15:14:24] [Server thread/INFO]: Done (6.030s)! For help, type "help"
[15:14:24] [Server thread/INFO]: Stopping the server
[15:14:24] [Server thread/INFO]: Stopping server
[15:14:24] [Server thread/INFO]: Saving players
[15:14:24] [Server thread/INFO]: Saving worlds
[15:14:25] [Server thread/INFO]: Saving chunks for level 'ServerLevel[world]'/minecraft:overworld
[15:14:25] [Server thread/INFO]: Saving chunks for level 'ServerLevel[world]'/minecraft:the_end
[15:14:25] [Server thread/INFO]: Saving chunks for level 'ServerLevel[world]'/minecraft:the_nether
[15:14:25] [Server thread/INFO]: ThreadedAnvilChunkStorage (world): All chunks are saved
[15:14:25] [Server thread/INFO]: ThreadedAnvilChunkStorage (DIM1): All chunks are saved
[15:14:25] [Server thread/INFO]: ThreadedAnvilChunkStorage (DIM-1): All chunks are saved
[15:14:25] [Server thread/INFO]: ThreadedAnvilChunkStorage: All dimensions are saved
