[02:23:37] [ServerMain/INFO]: Environment: Environment[sessionHost=https://sessionserver.mojang.com, servicesHost=https://api.minecraftservices.com, name=PROD]
[02:23:38] [ServerMain/INFO]: Loaded 1290 recipes
[02:23:39] [ServerMain/INFO]: Loaded 1399 advancements
[02:23:39] [Server thread/INFO]: Starting minecraft server version 1.21.1
[02:23:39] [Server thread/INFO]: Loading properties
[02:23:39] [Server thread/INFO]: Default game type: CREATIVE
[02:23:39] [Server thread/INFO]: Generating keypair
[02:23:39] [Server thread/INFO]: Starting Minecraft server on *:25565
[02:23:39] [Server thread/INFO]: Using default channel type
[02:23:39] [Server thread/INFO]: Preparing level "world"
[02:23:40] [Server thread/INFO]: Preparing start region for dimension minecraft:overworld
[02:23:40] [Worker-Main-1/INFO]: Preparing spawn area: 0%
[02:23:41] [Server thread/INFO]: Time elapsed: 394 ms
[02:23:41] [Server thread/INFO]: Done (1.476s)! For help, type "help"
[02:23:41] [Server thread/INFO]: Stopping the server
[02:23:41] [Server thread/INFO]: Stopping server
[02:23:41] [Server thread/INFO]: Saving players
[02:23:41] [Server thread/INFO]: Saving worlds
[02:23:41] [Server thread/INFO]: Saving chunks for level 'ServerLevel[world]'/minecraft:overworld
[02:23:41] [Server thread/INFO]: Saving chunks for level 'ServerLevel[world]'/minecraft:the_nether
[02:23:41] [Server thread/INFO]: Saving chunks for level 'ServerLevel[world]'/minecraft:the_end
[02:23:41] [Server thread/INFO]: ThreadedAnvilChunkStorage (world): All chunks are saved
[02:23:41] [Server thread/INFO]: ThreadedAnvilChunkStorage (DIM-1): All chunks are saved
[02:23:41] [Server thread/INFO]: ThreadedAnvilChunkStorage (DIM1): All chunks are saved
[02:23:41] [Server thread/INFO]: ThreadedAnvilChunkStorage: All dimensions are saved
